<?xml version="1.0" encoding="UTF-8"?>
<!-- Generated by org.testng.reporters.JUnitXMLReporter -->
<testsuite ignored="0" hostname="christian-System" failures="2" tests="8" name="Surefire test" time="0.043" errors="0" timestamp="2020-10-08T10:31:15 PET">
  <testcase classname="ObserverTest" name="notifyCE2ATest" time="0.008"/>
  <testcase classname="ObserverTest" name="notifyCounterAlumnosTest" time="0.001">
    <failure type="java.lang.AssertionError" message="did not expect to find [false] but found [true]">
      <![CDATA[java.lang.AssertionError: did not expect to find [false] but found [true]
at ObserverTest.notifyCounterAlumnosTest(ObserverTest.java:19)
... Removed 36 stack frames]]>
    </failure>
  </testcase> <!-- notifyCounterAlumnosTest -->
  <testcase classname="ObserverTest" name="notifyCounterDocentesTest" time="0.0"/>
  <testcase classname="ObserverTest" name="notifyDGATest" time="0.0">
    <failure type="java.lang.AssertionError" message="did not expect to find [false] but found [true]">
      <![CDATA[java.lang.AssertionError: did not expect to find [false] but found [true]
at ObserverTest.notifyDGATest(ObserverTest.java:45)
... Removed 36 stack frames]]>
    </failure>
  </testcase> <!-- notifyDGATest -->
  <testcase classname="ProfesorTest" name="checkLinkTest" time="0.0"/>
  <testcase classname="ProfesorTest" name="inputLinkTest" time="0.0"/>
  <testcase classname="ProfesorTest" name="inputNameTest" time="0.0"/>
  <testcase classname="ProfesorTest" name="inputTitleTest" time="0.0"/>
</testsuite> <!-- Surefire test -->
